[debug] [2022-09-29T20:13:41.265Z] ----------------------------------------------------------------------
[debug] [2022-09-29T20:13:41.267Z] Command:       C:\Program Files\nodejs\node.exe C:\Users\joeyw\AppData\Roaming\npm\node_modules\firebase-tools\lib\bin\firebase.js emulators:start
[debug] [2022-09-29T20:13:41.268Z] CLI Version:   11.12.0
[debug] [2022-09-29T20:13:41.268Z] Platform:      win32
[debug] [2022-09-29T20:13:41.268Z] Node Version:  v16.13.2
[debug] [2022-09-29T20:13:41.269Z] Time:          Thu Sep 29 2022 16:13:41 GMT-0400 (Eastern Daylight Time)
[debug] [2022-09-29T20:13:41.269Z] ----------------------------------------------------------------------
[debug] 
[debug] [2022-09-29T20:13:41.400Z] > command requires scopes: ["email","openid","https://www.googleapis.com/auth/cloudplatformprojects.readonly","https://www.googleapis.com/auth/firebase","https://www.googleapis.com/auth/cloud-platform"]
[debug] [2022-09-29T20:13:41.401Z] > authorizing via signed-in user (j2795wan@uwaterloo.ca)
[debug] [2022-09-29T20:13:41.550Z] java version "19" 2022-09-20

[debug] [2022-09-29T20:13:41.551Z] Java(TM) SE Runtime Environment (build 19+36-2238)
Java HotSpot(TM) 64-Bit Server VM (build 19+36-2238, mixed mode, sharing)

[debug] [2022-09-29T20:13:41.577Z] Parsed Java major version: 19
[info] i  emulators: Starting emulators: functions, database {"metadata":{"emulator":{"name":"hub"},"message":"Starting emulators: functions, database"}}
[debug] [2022-09-29T20:13:41.598Z] [hub] writing locator at C:\Users\joeyw\AppData\Local\Temp\hub-groceries-14f1d.json
[warn] !  functions: The following emulators are not running, calls to these services from the Functions emulator will affect production: auth, firestore, hosting, pubsub, storage, eventarc {"metadata":{"emulator":{"name":"functions"},"message":"The following emulators are not running, calls to these services from the Functions emulator will affect production: \u001b[1mauth, firestore, hosting, pubsub, storage, eventarc\u001b[22m"}}
[info] +  functions: Using node@16 from host. {"metadata":{"emulator":{"name":"functions"},"message":"Using node@16 from host."}}
[debug] [2022-09-29T20:13:41.644Z] defaultcredentials: writing to file C:\Users\joeyw\AppData\Roaming\firebase\j2795wan_uwaterloo_ca_application_default_credentials.json
[debug] [2022-09-29T20:13:41.649Z] Setting GAC to C:\Users\joeyw\AppData\Roaming\firebase\j2795wan_uwaterloo_ca_application_default_credentials.json {"metadata":{"emulator":{"name":"functions"},"message":"Setting GAC to C:\\Users\\joeyw\\AppData\\Roaming\\firebase\\j2795wan_uwaterloo_ca_application_default_credentials.json"}}
[debug] [2022-09-29T20:13:41.652Z] >>> [apiv2][query] GET https://firebase.googleapis.com/v1beta1/projects/groceries-14f1d/adminSdkConfig [none]
[debug] [2022-09-29T20:13:42.155Z] <<< [apiv2][status] GET https://firebase.googleapis.com/v1beta1/projects/groceries-14f1d/adminSdkConfig 200
[debug] [2022-09-29T20:13:42.156Z] <<< [apiv2][body] GET https://firebase.googleapis.com/v1beta1/projects/groceries-14f1d/adminSdkConfig {"projectId":"groceries-14f1d","databaseURL":"https://groceries-14f1d-default-rtdb.firebaseio.com","storageBucket":"groceries-14f1d.appspot.com"}
[debug] [2022-09-29T20:13:42.448Z] >>> [apiv2][query] GET https://firebase.googleapis.com/v1beta1/projects/groceries-14f1d [none]
[debug] [2022-09-29T20:13:42.730Z] <<< [apiv2][status] GET https://firebase.googleapis.com/v1beta1/projects/groceries-14f1d 200
[debug] [2022-09-29T20:13:42.731Z] <<< [apiv2][body] GET https://firebase.googleapis.com/v1beta1/projects/groceries-14f1d {"projectId":"groceries-14f1d","projectNumber":"988980470962","displayName":"Groceries","name":"projects/groceries-14f1d","resources":{"hostingSite":"groceries-14f1d","realtimeDatabaseInstance":"groceries-14f1d-default-rtdb"},"state":"ACTIVE","etag":"1_faed8982-b71c-43a1-830f-d4cb4de01358"}
[debug] [2022-09-29T20:13:42.732Z] database rules config:  [{"instance":"groceries-14f1d-default-rtdb","rules":"C:\\projects\\grocery-app\\database.rules.json"}]
[debug] [2022-09-29T20:13:42.748Z] Ignoring unsupported arg: projectId {"metadata":{"emulator":{"name":"database"},"message":"Ignoring unsupported arg: projectId"}}
[debug] [2022-09-29T20:13:42.748Z] Ignoring unsupported arg: auto_download {"metadata":{"emulator":{"name":"database"},"message":"Ignoring unsupported arg: auto_download"}}
[debug] [2022-09-29T20:13:42.748Z] Ignoring unsupported arg: rules {"metadata":{"emulator":{"name":"database"},"message":"Ignoring unsupported arg: rules"}}
[debug] [2022-09-29T20:13:42.748Z] Starting Database Emulator with command {"binary":"java","args":["-Duser.language=en","-jar","C:\\Users\\joeyw\\.cache\\firebase\\emulators\\firebase-database-emulator-v4.9.0.jar","--host","localhost","--port",9000,"--functions_emulator_host","localhost","--functions_emulator_port",5001],"optionalArgs":["port","host","functions_emulator_port","functions_emulator_host"],"joinArgs":false} {"metadata":{"emulator":{"name":"database"},"message":"Starting Database Emulator with command {\"binary\":\"java\",\"args\":[\"-Duser.language=en\",\"-jar\",\"C:\\\\Users\\\\joeyw\\\\.cache\\\\firebase\\\\emulators\\\\firebase-database-emulator-v4.9.0.jar\",\"--host\",\"localhost\",\"--port\",9000,\"--functions_emulator_host\",\"localhost\",\"--functions_emulator_port\",5001],\"optionalArgs\":[\"port\",\"host\",\"functions_emulator_port\",\"functions_emulator_host\"],\"joinArgs\":false}"}}
[info] i  database: Database Emulator logging to database-debug.log {"metadata":{"emulator":{"name":"database"},"message":"Database Emulator logging to \u001b[1mdatabase-debug.log\u001b[22m"}}
[debug] [2022-09-29T20:13:45.360Z] Ignoring unsupported arg: auto_download {"metadata":{"emulator":{"name":"ui"},"message":"Ignoring unsupported arg: auto_download"}}
[debug] [2022-09-29T20:13:45.360Z] Ignoring unsupported arg: port {"metadata":{"emulator":{"name":"ui"},"message":"Ignoring unsupported arg: port"}}
[debug] [2022-09-29T20:13:45.360Z] Starting Emulator UI with command {"binary":"node","args":["C:\\Users\\joeyw\\.cache\\firebase\\emulators\\ui-v1.9.0\\server\\server.js"],"optionalArgs":[],"joinArgs":false} {"metadata":{"emulator":{"name":"ui"},"message":"Starting Emulator UI with command {\"binary\":\"node\",\"args\":[\"C:\\\\Users\\\\joeyw\\\\.cache\\\\firebase\\\\emulators\\\\ui-v1.9.0\\\\server\\\\server.js\"],\"optionalArgs\":[],\"joinArgs\":false}"}}
[info] i  ui: Emulator UI logging to ui-debug.log {"metadata":{"emulator":{"name":"ui"},"message":"Emulator UI logging to \u001b[1mui-debug.log\u001b[22m"}}
[debug] [2022-09-29T20:13:45.574Z] Web / API server started at localhost:4000
 {"metadata":{"emulator":{"name":"ui"},"message":"Web / API server started at localhost:4000\n"}}
[info] i  functions: Watching "C:\projects\grocery-app\functions" for Cloud Functions... {"metadata":{"emulator":{"name":"functions"},"message":"Watching \"C:\\projects\\grocery-app\\functions\" for Cloud Functions..."}}
[debug] [2022-09-29T20:13:45.632Z] Validating nodejs source
[debug] [2022-09-29T20:13:50.198Z] > [functions] package.json contents: {
  "name": "functions",
  "description": "Cloud Functions for Firebase",
  "scripts": {
    "lint": "eslint .",
    "serve": "firebase emulators:start --only functions",
    "shell": "firebase functions:shell",
    "start": "npm run shell",
    "deploy": "firebase deploy --only functions",
    "logs": "firebase functions:log"
  },
  "engines": {
    "node": "16"
  },
  "main": "index.js",
  "dependencies": {
    "firebase-admin": "^10.0.2",
    "firebase-functions": "^3.18.0"
  },
  "devDependencies": {
    "eslint": "^8.9.0",
    "eslint-config-google": "^0.14.0",
    "firebase-functions-test": "^0.2.0"
  },
  "private": true
}
[debug] [2022-09-29T20:13:50.198Z] Building nodejs source
[debug] [2022-09-29T20:13:50.199Z] Analyzing nodejs backend spec
[debug] [2022-09-29T20:13:50.202Z] Could not find functions.yaml. Must use http discovery
[debug] [2022-09-29T20:13:50.457Z] Serving at port 9005

[debug] [2022-09-29T20:13:50.534Z] Got response from /__/functions.yaml {"endpoints":{},"specVersion":"v1alpha1","requiredAPIs":[]}
[debug] [2022-09-29T20:13:50.540Z] shutdown requested via /__/quitquitquit

[info] +  functions: Loaded functions definitions from source: . {"metadata":{"emulator":{"name":"functions"},"message":"Loaded functions definitions from source: ."}}
[debug] [2022-09-29T20:13:50.564Z] >>> [apiv2][query] PUT http://localhost:9000/.settings/rules.json ns=groceries-14f1d-default-rtdb
[debug] [2022-09-29T20:13:50.564Z] >>> [apiv2][body] PUT http://localhost:9000/.settings/rules.json "{\n  \"rules\": {\n    \".read\": true,\n    \".write\": true\n  }\n}"
[debug] [2022-09-29T20:13:50.944Z] <<< [apiv2][status] PUT http://localhost:9000/.settings/rules.json 200
[debug] [2022-09-29T20:13:50.945Z] <<< [apiv2][body] PUT http://localhost:9000/.settings/rules.json {"status":"ok"}
[info] 
┌─────────────────────────────────────────────────────────────┐
│ ✔  All emulators ready! It is now safe to connect your app. │
│ i  View Emulator UI at http://localhost:4000                │
└─────────────────────────────────────────────────────────────┘

┌───────────┬────────────────┬─────────────────────────────────┐
│ Emulator  │ Host:Port      │ View in Emulator UI             │
├───────────┼────────────────┼─────────────────────────────────┤
│ Functions │ localhost:5001 │ http://localhost:4000/functions │
├───────────┼────────────────┼─────────────────────────────────┤
│ Database  │ localhost:9000 │ http://localhost:4000/database  │
└───────────┴────────────────┴─────────────────────────────────┘
  Emulator Hub running at localhost:4400
  Other reserved ports: 4500

Issues? Report them at https://github.com/firebase/firebase-tools/issues and attach the *-debug.log files.
 
[debug] [2022-09-29T20:14:34.972Z] File C:\projects\grocery-app\functions\index.js changed, reloading triggers {"metadata":{"emulator":{"name":"functions"},"message":"File C:\\projects\\grocery-app\\functions\\index.js changed, reloading triggers"}}
[debug] [2022-09-29T20:14:35.985Z] Validating nodejs source
[debug] [2022-09-29T20:14:40.315Z] > [functions] package.json contents: {
  "name": "functions",
  "description": "Cloud Functions for Firebase",
  "scripts": {
    "lint": "eslint .",
    "serve": "firebase emulators:start --only functions",
    "shell": "firebase functions:shell",
    "start": "npm run shell",
    "deploy": "firebase deploy --only functions",
    "logs": "firebase functions:log"
  },
  "engines": {
    "node": "16"
  },
  "main": "index.js",
  "dependencies": {
    "firebase-admin": "^10.0.2",
    "firebase-functions": "^3.18.0"
  },
  "devDependencies": {
    "eslint": "^8.9.0",
    "eslint-config-google": "^0.14.0",
    "firebase-functions-test": "^0.2.0"
  },
  "private": true
}
[debug] [2022-09-29T20:14:40.316Z] Building nodejs source
[debug] [2022-09-29T20:14:40.316Z] Analyzing nodejs backend spec
[debug] [2022-09-29T20:14:40.317Z] Could not find functions.yaml. Must use http discovery
[debug] [2022-09-29T20:14:40.729Z] Serving at port 9005

[debug] [2022-09-29T20:14:40.835Z] Got response from /__/functions.yaml {"endpoints":{"makeUppercase":{"platform":"gcfv1","eventTrigger":{"eventType":"providers/google.firebase.database/eventTypes/ref.create","eventFilters":{"resource":"projects/_/instances/groceries-14f1d-default-rtdb/refs/messages/{pushId}/original"},"retry":false},"labels":{},"entryPoint":"makeUppercase"}},"specVersion":"v1alpha1","requiredAPIs":[]}
[debug] [2022-09-29T20:14:40.842Z] shutdown requested via /__/quitquitquit

[info] +  functions: Loaded functions definitions from source: makeUppercase. {"metadata":{"emulator":{"name":"functions"},"message":"Loaded functions definitions from source: makeUppercase."}}
[debug] [2022-09-29T20:14:40.865Z] addRealtimeDatabaseTrigger[groceries-14f1d-default-rtdb] "{\"name\":\"projects/groceries-14f1d/locations/_/functions/us-central1-makeUppercase-0\",\"path\":\"/messages/{pushId}/original\",\"event\":\"providers/google.firebase.database/eventTypes/ref.create\",\"topic\":\"projects/groceries-14f1d/topics/us-central1-makeUppercase-0\"}"
[debug] [2022-09-29T20:14:40.865Z] >>> [apiv2][query] POST http://localhost:9000/.settings/functionTriggers.json?ns=groceries-14f1d-default-rtdb [none]
[debug] [2022-09-29T20:14:40.866Z] >>> [apiv2][body] POST http://localhost:9000/.settings/functionTriggers.json?ns=groceries-14f1d-default-rtdb "{\"name\":\"projects/groceries-14f1d/locations/_/functions/us-central1-makeUppercase-0\",\"path\":\"/messages/{pushId}/original\",\"event\":\"providers/google.firebase.database/eventTypes/ref.create\",\"topic\":\"projects/groceries-14f1d/topics/us-central1-makeUppercase-0\"}"
[debug] [2022-09-29T20:14:40.954Z] <<< [apiv2][status] POST http://localhost:9000/.settings/functionTriggers.json?ns=groceries-14f1d-default-rtdb 200
[debug] [2022-09-29T20:14:40.954Z] <<< [apiv2][body] POST http://localhost:9000/.settings/functionTriggers.json?ns=groceries-14f1d-default-rtdb {"status":"ok"}
[info] +  functions[us-central1-makeUppercase]: database function initialized. {"metadata":{"emulator":{"name":"functions"},"message":"\u001b[1mdatabase\u001b[22m function initialized."}}
